<?xml version="1.0" encoding="UTF-8"?>
<!-- Generated by org.testng.reporters.JUnitXMLReporter -->
<testsuite ignored="0" hostname="99s-MacBook-Pro-3.local" failures="1" tests="5" name="Test Suite" time="1183.682" errors="0" timestamp="14 Jul 2021 09:23:59 GMT">
  <testcase classname="android.ninetynine.createlisting.C1407_CreateACondoRentRegularListing" name="C1407_CreateACondoRentRegular_Listing" time="210.632"/>
  <testcase classname="android.ninetynine.createlisting.C1409_CreateALandedRentRegularListing" name="C1409_CreateALandedRentRegular_Listing" time="210.455">
    <failure type="java.lang.AssertionError" message="Object not found step failed">
      <![CDATA[java.lang.AssertionError: Object not found step failed
	at android.ninetynine.util.GeneralUtilities.verifyelemen(GeneralUtilities.java:51)
	at android.ninetynine.util.GeneralUtilities.click(GeneralUtilities.java:60)
	at android.ninetynine.pageobjects.ListingCreation.Click_SkipAndCreateListing(ListingCreation.java:169)
	at android.ninetynine.createlisting.C1409_CreateALandedRentRegularListing.C1409_CreateALandedRentRegular_Listing(C1409_CreateALandedRentRegularListing.java:101)
... Removed 26 stack frames]]>
    </failure>
  </testcase> <!-- C1409_CreateALandedRentRegular_Listing -->
  <testcase classname="android.ninetynine.createlisting.C1412_CreateACondoSaleRegularListing" name="C1412_CreateACondoSaleRegular_Listing" time="210.286"/>
  <testcase classname="android.ninetynine.createlisting.C1413_CreateALandedSaleRegularListing" name="C1413_CreateALandedSaleRegular_Listing" time="222.341"/>
  <testcase classname="android.ninetynine.createlisting.C46783_CreateACondoRoomRentalRegularListing" name="C46783_CreateACondoRoomRentalRegular_Listing" time="203.491"/>
</testsuite> <!-- Test Suite -->
