<?xml version="1.0" encoding="UTF-8"?>
<!-- Generated by org.testng.reporters.JUnitXMLReporter -->
<testsuite ignored="0" hostname="99s-MacBook-Pro-3.local" failures="1" tests="5" name="Test Suite" time="1120.477" errors="0" timestamp="13 Jul 2021 12:31:22 GMT">
  <testcase classname="android.ninetynine.createlisting.C1407_CreateACondoRentRegularListing" name="C1407_CreateACondoRentRegular_Listing" time="207.061"/>
  <testcase classname="android.ninetynine.createlisting.C1409_CreateALandedRentRegularListing" name="C1409_CreateALandedRentRegular_Listing" time="218.835"/>
  <testcase classname="android.ninetynine.createlisting.C1412_CreateACondoSaleRegularListing" name="C1412_CreateACondoSaleRegular_Listing" time="208.511"/>
  <testcase classname="android.ninetynine.createlisting.C1413_CreateALandedSaleRegularListing" name="C1413_CreateALandedSaleRegular_Listing" time="220.583"/>
  <testcase classname="android.ninetynine.createlisting.C46783_CreateACondoRoomRentalRegularListing" name="C46783_CreateACondoRoomRentalRegular_Listing" time="135.225">
    <failure type="java.lang.NoSuchMethodError" message="&amp;apos;void android.ninetynine.pageobjects.ListingCreation.Click_BtRoomRent()&amp;apos;">
      <![CDATA[java.lang.NoSuchMethodError: 'void android.ninetynine.pageobjects.ListingCreation.Click_BtRoomRent()'
	at android.ninetynine.createlisting.C46783_CreateACondoRoomRentalRegularListing.C46783_CreateACondoRoomRentalRegular_Listing(C46783_CreateACondoRoomRentalRegularListing.java:82)
... Removed 25 stack frames]]>
    </failure>
  </testcase> <!-- C46783_CreateACondoRoomRentalRegular_Listing -->
</testsuite> <!-- Test Suite -->
