<?xml version="1.0" encoding="UTF-8"?>
<testng-results ignored="0" total="1" passed="1" failed="0" skipped="0">
  <reporter-output>
  </reporter-output>
  <suite started-at="2021-07-13T12:53:43Z" name="Default suite" finished-at="2021-07-13T12:57:35Z" duration-ms="231820">
    <groups>
    </groups>
    <test started-at="2021-07-13T12:53:43Z" name="Default test" finished-at="2021-07-13T12:57:35Z" duration-ms="231820">
      <class name="android.ninetynine.createlisting.C46783_CreateACondoRoomRentalRegularListing">
        <test-method is-config="true" signature="setUp()[pri:0, instance:android.ninetynine.createlisting.C46783_CreateACondoRoomRentalRegularListing@7aaca91a]" started-at="2021-07-13T20:53:43Z" name="setUp" finished-at="2021-07-13T20:53:50Z" duration-ms="7686" status="PASS">
          <reporter-output>
          </reporter-output>
        </test-method> <!-- setUp -->
        <test-method signature="C46783_CreateACondoRoomRentalRegular_Listing()[pri:0, instance:android.ninetynine.createlisting.C46783_CreateACondoRoomRentalRegularListing@7aaca91a]" started-at="2021-07-13T20:53:50Z" name="C46783_CreateACondoRoomRentalRegular_Listing" finished-at="2021-07-13T20:57:13Z" duration-ms="202433" status="PASS">
          <reporter-output>
          </reporter-output>
        </test-method> <!-- C46783_CreateACondoRoomRentalRegular_Listing -->
        <test-method is-config="true" signature="tearDown()[pri:0, instance:android.ninetynine.createlisting.C46783_CreateACondoRoomRentalRegularListing@7aaca91a]" started-at="2021-07-13T20:57:13Z" name="tearDown" finished-at="2021-07-13T20:57:35Z" duration-ms="21661" status="PASS">
          <reporter-output>
          </reporter-output>
        </test-method> <!-- tearDown -->
      </class> <!-- android.ninetynine.createlisting.C46783_CreateACondoRoomRentalRegularListing -->
    </test> <!-- Default test -->
  </suite> <!-- Default suite -->
</testng-results>
